2024-09-18 10:07:50,800 [Worker-1: Loading available Gradle versions] INFO  o.e.b.c.i.u.g.PublishedGradleVersions - Gradle version information cache is out-of-date. Trying to update.
2024-09-18 10:13:31,070 [Worker-2: Loading available Gradle versions] INFO  o.e.b.c.i.u.g.PublishedGradleVersions - Gradle version information cache is up-to-date. Trying to read.
2024-09-18 10:18:29,317 [Worker-0: Loading available Gradle versions] INFO  o.e.b.c.i.u.g.PublishedGradleVersions - Gradle version information cache is up-to-date. Trying to read.
2024-09-18 10:21:40,762 [Worker-0: Loading available Gradle versions] INFO  o.e.b.c.i.u.g.PublishedGradleVersions - Gradle version information cache is up-to-date. Trying to read.
2024-09-18 10:30:17,011 [Worker-0: Loading available Gradle versions] INFO  o.e.b.c.i.u.g.PublishedGradleVersions - Gradle version information cache is up-to-date. Trying to read.
2024-09-25 10:07:43,330 [Worker-0: Loading available Gradle versions] INFO  o.e.b.c.i.u.g.PublishedGradleVersions - Gradle version information cache is up-to-date. Trying to read.
2024-09-25 10:47:50,011 [Worker-0: Loading available Gradle versions] INFO  o.e.b.c.i.u.g.PublishedGradleVersions - Gradle version information cache is up-to-date. Trying to read.
2024-10-09 10:03:51,223 [Worker-0: Loading available Gradle versions] INFO  o.e.b.c.i.u.g.PublishedGradleVersions - Gradle version information cache is up-to-date. Trying to read.
2024-10-09 10:35:19,233 [Worker-17: Auto share git projects] WARN  org.eclipse.jgit.util.FS_Win32 - Exception caught during execution of command '[bash, --login, -c, which git]' in 'C:\Users\Alumno', return code '1', error message '<3>WSL (10) ERROR: CreateProcessParseCommon:711: Failed to translate C:\Users\Alumno
<3>WSL (10) ERROR: CreateProcessParseCommon:757: getpwuid(0) failed 2
<3>WSL (10) ERROR: UtilTranslatePathList:2866: Failed to translate C:\EntornoProgramac\eclipse\plugins\org.eclipse.justj.openjdk.hotspot.jre.full.win32.x86_64_15.0.2.v20210201-0955\jre\bin\server
<3>WSL (10) ERROR: UtilTranslatePathList:2866: Failed to translate C:\EntornoProgramac\eclipse\plugins\org.eclipse.justj.openjdk.hotspot.jre.full.win32.x86_64_15.0.2.v20210201-0955\jre\bin
<3>WSL (10) ERROR: UtilTranslatePathList:2866: Failed to translate C:\Program Files (x86)\Common Files\Oracle\Java\javapath
<3>WSL (10) ERROR: UtilTranslatePathList:2866: Failed to translate C:\Windows\system32
<3>WSL (10) ERROR: UtilTranslatePathList:2866: Failed to translate C:\Windows
<3>WSL (10) ERROR: UtilTranslatePathList:2866: Failed to translate C:\Windows\System32\Wbem
<3>WSL (10) ERROR: UtilTranslatePathList:2866: Failed to translate C:\Windows\System32\WindowsPowerShell\v1.0\
<3>WSL (10) ERROR: UtilTranslatePathList:2866: Failed to translate C:\Windows\System32\OpenSSH\
<3>WSL (10) ERROR: UtilTranslatePathList:2866: Failed to translate C:\Program Files (x86)\Windows Live\Shared
<3>WSL (10) ERROR: UtilTranslatePathList:2866: Failed to translate C:\xampp\php
<3>WSL (10) ERROR: UtilTranslatePathList:2866: Failed to translate C:\ProgramData\ComposerSetup\bin
<3>WSL (10) ERROR: UtilTranslatePathList:2866: Failed to translate C:\Program Files\PuTTY\
<3>WSL (10) ERROR: UtilTranslatePathList:2866: Failed to translate C:\HashiCorp\Vagrant\bin
<3>WSL (10) ERROR: UtilTranslatePathList:2866: Failed to translate C:\Program Files\dotnet\
<3>WSL (10) ERROR: UtilTranslatePathList:2866: Failed to translate C:\Program Files\nodejs\
<3>WSL (10) ERROR: UtilTranslatePathList:2866: Failed to translate C:\Program Files\Docker\Docker\resources\bin
<3>WSL (10) ERROR: UtilTranslatePathList:2866: Failed to translate C:\ProgramData\chocolatey\bin
<3>WSL (10) ERROR: UtilTranslatePathList:2866: Failed to translate C:\Users\Alumno\AppData\Local\Microsoft\WindowsApps
<3>WSL (10) ERROR: UtilTranslatePathList:2866: Failed to translate C:\Users\Alumno\AppData\Roaming\Composer\vendor\bin
<3>WSL (10) ERROR: UtilTranslatePathList:2866: Failed to translate C:\Users\Alumno\AppData\Roaming\npm
<3>WSL (10) ERROR: UtilTranslatePathList:2866: Failed to translate C:\Program Files\nodejs
<3>WSL (10) ERROR: UtilTranslatePathList:2866: Failed to translate C:\EntornoProgramac\eclipse
<3>WSL (10) ERROR: CreateProcessEntryCommon:334: getpwuid(0) failed 2
<3>WSL (10) ERROR: CreateProcessEntryCommon:505: execvpe /bin/bash failed 2
<3>WSL (10) ERROR: CreateProcessEntryCommon:508: Create process not expected to return
'
2024-10-14 12:42:17,693 [Worker-2: Loading available Gradle versions] INFO  o.e.b.c.i.u.g.PublishedGradleVersions - Gradle version information cache is up-to-date. Trying to read.
2024-10-14 12:42:20,479 [Worker-0: Decoration Calculation] WARN  org.eclipse.jgit.util.FS_Win32 - Exception caught during execution of command '[bash, --login, -c, which git]' in 'C:\Users\Alumno', return code '1', error message '<3>WSL (10) ERROR: CreateProcessParseCommon:711: Failed to translate C:\Users\Alumno
<3>WSL (10) ERROR: CreateProcessParseCommon:757: getpwuid(0) failed 2
<3>WSL (10) ERROR: UtilTranslatePathList:2866: Failed to translate C:\EntornoProgramac\eclipse\plugins\org.eclipse.justj.openjdk.hotspot.jre.full.win32.x86_64_15.0.2.v20210201-0955\jre\bin\server
<3>WSL (10) ERROR: UtilTranslatePathList:2866: Failed to translate C:\EntornoProgramac\eclipse\plugins\org.eclipse.justj.openjdk.hotspot.jre.full.win32.x86_64_15.0.2.v20210201-0955\jre\bin
<3>WSL (10) ERROR: UtilTranslatePathList:2866: Failed to translate C:\Program Files (x86)\Common Files\Oracle\Java\javapath
<3>WSL (10) ERROR: UtilTranslatePathList:2866: Failed to translate C:\Windows\system32
<3>WSL (10) ERROR: UtilTranslatePathList:2866: Failed to translate C:\Windows
<3>WSL (10) ERROR: UtilTranslatePathList:2866: Failed to translate C:\Windows\System32\Wbem
<3>WSL (10) ERROR: UtilTranslatePathList:2866: Failed to translate C:\Windows\System32\WindowsPowerShell\v1.0\
<3>WSL (10) ERROR: UtilTranslatePathList:2866: Failed to translate C:\Windows\System32\OpenSSH\
<3>WSL (10) ERROR: UtilTranslatePathList:2866: Failed to translate C:\Program Files (x86)\Windows Live\Shared
<3>WSL (10) ERROR: UtilTranslatePathList:2866: Failed to translate C:\xampp\php
<3>WSL (10) ERROR: UtilTranslatePathList:2866: Failed to translate C:\ProgramData\ComposerSetup\bin
<3>WSL (10) ERROR: UtilTranslatePathList:2866: Failed to translate C:\Program Files\PuTTY\
<3>WSL (10) ERROR: UtilTranslatePathList:2866: Failed to translate C:\HashiCorp\Vagrant\bin
<3>WSL (10) ERROR: UtilTranslatePathList:2866: Failed to translate C:\Program Files\dotnet\
<3>WSL (10) ERROR: UtilTranslatePathList:2866: Failed to translate C:\Program Files\nodejs\
<3>WSL (10) ERROR: UtilTranslatePathList:2866: Failed to translate C:\Program Files\Docker\Docker\resources\bin
<3>WSL (10) ERROR: UtilTranslatePathList:2866: Failed to translate C:\ProgramData\chocolatey\bin
<3>WSL (10) ERROR: UtilTranslatePathList:2866: Failed to translate C:\Users\Alumno\AppData\Local\Microsoft\WindowsApps
<3>WSL (10) ERROR: UtilTranslatePathList:2866: Failed to translate C:\Users\Alumno\AppData\Roaming\Composer\vendor\bin
<3>WSL (10) ERROR: UtilTranslatePathList:2866: Failed to translate C:\Users\Alumno\AppData\Roaming\npm
<3>WSL (10) ERROR: UtilTranslatePathList:2866: Failed to translate C:\Program Files\nodejs
<3>WSL (10) ERROR: UtilTranslatePathList:2866: Failed to translate C:\EntornoProgramac\eclipse
<3>WSL (10) ERROR: CreateProcessEntryCommon:334: getpwuid(0) failed 2
<3>WSL (10) ERROR: CreateProcessEntryCommon:505: execvpe /bin/bash failed 2
<3>WSL (10) ERROR: CreateProcessEntryCommon:508: Create process not expected to return
'
2024-10-15 16:10:18,683 [Worker-8: Loading available Gradle versions] INFO  o.e.b.c.i.u.g.PublishedGradleVersions - Gradle version information cache is out-of-date. Trying to update.
